# JRE version: OpenJDK Runtime Environment (11.0.15) (build 11.0.15+0-b2043.56-9505619)
# Java VM: OpenJDK 64-Bit Server VM (11.0.15+0-b2043.56-9505619, mixed mode, tiered, compressed oops, g1 gc, windows-amd64)
Heap:
 garbage-first heap   total 624640K, used 203842K [0x0000000080000000, 0x0000000100000000)
  region size 1024K, 2 young (2048K), 2 survivors (2048K)
 Metaspace       used 115031K, capacity 118380K, committed 118524K, reserved 1153024K
  class space    used 14651K, capacity 15889K, committed 16000K, reserved 1048576K
GC Heap History (20 events):
Event: 1646.500 GC heap after
{Heap after GC invocations=77 (full 0):
 garbage-first heap   total 312320K, used 182481K [0x0000000080000000, 0x0000000100000000)
  region size 1024K, 2 young (2048K), 2 survivors (2048K)
 Metaspace       used 109862K, capacity 112963K, committed 113148K, reserved 1146880K
  class space    used 14032K, capacity 15197K, committed 15232K, reserved 1048576K
}
Event: 1646.643 GC heap before
{Heap before GC invocations=77 (full 0):
 garbage-first heap   total 312320K, used 195793K [0x0000000080000000, 0x0000000100000000)
  region size 1024K, 15 young (15360K), 2 survivors (2048K)
 Metaspace       used 109887K, capacity 112976K, committed 113148K, reserved 1146880K
  class space    used 14034K, capacity 15200K, committed 15232K, reserved 1048576K
}
Event: 1646.647 GC heap after
{Heap after GC invocations=78 (full 0):
 garbage-first heap   total 312320K, used 184576K [0x0000000080000000, 0x0000000100000000)
  region size 1024K, 2 young (2048K), 2 survivors (2048K)
 Metaspace       used 109887K, capacity 112976K, committed 113148K, reserved 1146880K
  class space    used 14034K, capacity 15200K, committed 15232K, reserved 1048576K
}
Event: 1646.820 GC heap before
{Heap before GC invocations=79 (full 0):
 garbage-first heap   total 312320K, used 197888K [0x0000000080000000, 0x0000000100000000)
  region size 1024K, 15 young (15360K), 2 survivors (2048K)
 Metaspace       used 109916K, capacity 112988K, committed 113148K, reserved 1146880K
  class space    used 14036K, capacity 15202K, committed 15232K, reserved 1048576K
}
Event: 1646.921 GC heap after
{Heap after GC invocations=80 (full 0):
 garbage-first heap   total 312320K, used 186676K [0x0000000080000000, 0x0000000100000000)
  region size 1024K, 2 young (2048K), 2 survivors (2048K)
 Metaspace       used 109916K, capacity 112988K, committed 113148K, reserved 1146880K
  class space    used 14036K, capacity 15202K, committed 15232K, reserved 1048576K
}
Event: 1647.032 GC heap before
{Heap before GC invocations=80 (full 0):
 garbage-first heap   total 312320K, used 199988K [0x0000000080000000, 0x0000000100000000)
  region size 1024K, 15 young (15360K), 2 survivors (2048K)
 Metaspace       used 109933K, capacity 112988K, committed 113148K, reserved 1146880K
  class space    used 14037K, capacity 15202K, committed 15232K, reserved 1048576K
}
Event: 1647.109 GC heap after
{Heap after GC invocations=81 (full 0):
 garbage-first heap   total 312320K, used 188889K [0x0000000080000000, 0x0000000100000000)
  region size 1024K, 2 young (2048K), 2 survivors (2048K)
 Metaspace       used 109933K, capacity 112988K, committed 113148K, reserved 1146880K
  class space    used 14037K, capacity 15202K, committed 15232K, reserved 1048576K
}
Event: 1647.924 GC heap before
{Heap before GC invocations=82 (full 0):
 garbage-first heap   total 312320K, used 201177K [0x0000000080000000, 0x0000000100000000)
  region size 1024K, 16 young (16384K), 2 survivors (2048K)
 Metaspace       used 111496K, capacity 114670K, committed 114940K, reserved 1148928K
  class space    used 14240K, capacity 15415K, committed 15488K, reserved 1048576K
}
Event: 1647.989 GC heap after
{Heap after GC invocations=83 (full 0):
 garbage-first heap   total 312320K, used 189911K [0x0000000080000000, 0x0000000100000000)
  region size 1024K, 1 young (1024K), 1 survivors (1024K)
 Metaspace       used 111496K, capacity 114670K, committed 114940K, reserved 1148928K
  class space    used 14240K, capacity 15415K, committed 15488K, reserved 1048576K
}
Event: 1650.011 GC heap before
{Heap before GC invocations=83 (full 0):
 garbage-first heap   total 312320K, used 203223K [0x0000000080000000, 0x0000000100000000)
  region size 1024K, 15 young (15360K), 1 survivors (1024K)
 Metaspace       used 112018K, capacity 115316K, committed 115580K, reserved 1148928K
  class space    used 14331K, capacity 15560K, committed 15616K, reserved 1048576K
}
Event: 1650.017 GC heap after
{Heap after GC invocations=84 (full 0):
 garbage-first heap   total 312320K, used 190802K [0x0000000080000000, 0x0000000100000000)
  region size 1024K, 2 young (2048K), 2 survivors (2048K)
 Metaspace       used 112018K, capacity 115316K, committed 115580K, reserved 1148928K
  class space    used 14331K, capacity 15560K, committed 15616K, reserved 1048576K
}
Event: 1650.577 GC heap before
{Heap before GC invocations=85 (full 0):
 garbage-first heap   total 312320K, used 206162K [0x0000000080000000, 0x0000000100000000)
  region size 1024K, 18 young (18432K), 2 survivors (2048K)
 Metaspace       used 112260K, capacity 115562K, committed 115836K, reserved 1148928K
  class space    used 14343K, capacity 15568K, committed 15616K, reserved 1048576K
}
Event: 1650.662 GC heap after
{Heap after GC invocations=86 (full 0):
 garbage-first heap   total 312320K, used 191811K [0x0000000080000000, 0x0000000100000000)
  region size 1024K, 2 young (2048K), 2 survivors (2048K)
 Metaspace       used 112260K, capacity 115562K, committed 115836K, reserved 1148928K
  class space    used 14343K, capacity 15568K, committed 15616K, reserved 1048576K
}
Event: 1652.012 GC heap before
{Heap before GC invocations=86 (full 0):
 garbage-first heap   total 312320K, used 206147K [0x0000000080000000, 0x0000000100000000)
  region size 1024K, 17 young (17408K), 2 survivors (2048K)
 Metaspace       used 113750K, capacity 117129K, committed 117372K, reserved 1150976K
  class space    used 14527K, capacity 15771K, committed 15872K, reserved 1048576K
}
Event: 1652.098 GC heap after
{Heap after GC invocations=87 (full 0):
 garbage-first heap   total 312320K, used 192626K [0x0000000080000000, 0x0000000100000000)
  region size 1024K, 2 young (2048K), 2 survivors (2048K)
 Metaspace       used 113750K, capacity 117129K, committed 117372K, reserved 1150976K
  class space    used 14527K, capacity 15771K, committed 15872K, reserved 1048576K
}
Event: 1653.063 GC heap before
{Heap before GC invocations=88 (full 0):
 garbage-first heap   total 312320K, used 207986K [0x0000000080000000, 0x0000000100000000)
  region size 1024K, 17 young (17408K), 2 survivors (2048K)
 Metaspace       used 114800K, capacity 118123K, committed 118268K, reserved 1150976K
  class space    used 14651K, capacity 15889K, committed 16000K, reserved 1048576K
}
Event: 1653.166 GC heap after
{Heap after GC invocations=89 (full 0):
 garbage-first heap   total 312320K, used 193348K [0x0000000080000000, 0x0000000100000000)
  region size 1024K, 2 young (2048K), 2 survivors (2048K)
 Metaspace       used 114800K, capacity 118123K, committed 118268K, reserved 1150976K
  class space    used 14651K, capacity 15889K, committed 16000K, reserved 1048576K
}
Event: 1654.082 GC heap before
{Heap before GC invocations=89 (full 0):
 garbage-first heap   total 312320K, used 209732K [0x0000000080000000, 0x0000000100000000)
  region size 1024K, 19 young (19456K), 2 survivors (2048K)
 Metaspace       used 114978K, capacity 118316K, committed 118524K, reserved 1153024K
  class space    used 14651K, capacity 15889K, committed 16000K, reserved 1048576K
}
Event: 1654.184 GC heap after
{Heap after GC invocations=90 (full 0):
 garbage-first heap   total 312320K, used 198151K [0x0000000080000000, 0x0000000100000000)
  region size 1024K, 3 young (3072K), 3 survivors (3072K)
 Metaspace       used 114978K, capacity 118316K, committed 118524K, reserved 1153024K
  class space    used 14651K, capacity 15889K, committed 16000K, reserved 1048576K
}
Event: 1654.566 GC heap before
{Heap before GC invocations=91 (full 0):
 garbage-first heap   total 312320K, used 212487K [0x0000000080000000, 0x0000000100000000)
  region size 1024K, 11 young (11264K), 3 survivors (3072K)
 Metaspace       used 115031K, capacity 118380K, committed 118524K, reserved 1153024K
  class space    used 14651K, capacity 15889K, committed 16000K, reserved 1048576K
}

