# JRE version: OpenJDK Runtime Environment (11.0.15) (build 11.0.15+0-b2043.56-9505619)
# Java VM: OpenJDK 64-Bit Server VM (11.0.15+0-b2043.56-9505619, mixed mode, tiered, compressed oops, g1 gc, windows-amd64)
Heap:
 garbage-first heap   total 241664K, used 188073K [0x0000000080000000, 0x0000000100000000)
  region size 1024K, 17 young (17408K), 3 survivors (3072K)
 Metaspace       used 102348K, capacity 105342K, committed 105424K, reserved 1140736K
  class space    used 13101K, capacity 14203K, committed 14208K, reserved 1048576K
GC Heap History (20 events):
Event: 91.497 GC heap before
{Heap before GC invocations=81 (full 0):
 garbage-first heap   total 200704K, used 173146K [0x0000000080000000, 0x0000000100000000)
  region size 1024K, 15 young (15360K), 1 survivors (1024K)
 Metaspace       used 87697K, capacity 90138K, committed 90320K, reserved 1128448K
  class space    used 11376K, capacity 12312K, committed 12416K, reserved 1048576K
}
Event: 91.513 GC heap after
{Heap after GC invocations=82 (full 0):
 garbage-first heap   total 200704K, used 159246K [0x0000000080000000, 0x0000000100000000)
  region size 1024K, 2 young (2048K), 2 survivors (2048K)
 Metaspace       used 87697K, capacity 90138K, committed 90320K, reserved 1128448K
  class space    used 11376K, capacity 12312K, committed 12416K, reserved 1048576K
}
Event: 94.374 GC heap before
{Heap before GC invocations=83 (full 0):
 garbage-first heap   total 200704K, used 173582K [0x0000000080000000, 0x0000000100000000)
  region size 1024K, 16 young (16384K), 2 survivors (2048K)
 Metaspace       used 89051K, capacity 91487K, committed 91728K, reserved 1128448K
  class space    used 11603K, capacity 12519K, committed 12544K, reserved 1048576K
}
Event: 94.391 GC heap after
{Heap after GC invocations=84 (full 0):
 garbage-first heap   total 200704K, used 159996K [0x0000000080000000, 0x0000000100000000)
  region size 1024K, 2 young (2048K), 2 survivors (2048K)
 Metaspace       used 89051K, capacity 91487K, committed 91728K, reserved 1128448K
  class space    used 11603K, capacity 12519K, committed 12544K, reserved 1048576K
}
Event: 96.168 GC heap before
{Heap before GC invocations=84 (full 0):
 garbage-first heap   total 200704K, used 174332K [0x0000000080000000, 0x0000000100000000)
  region size 1024K, 16 young (16384K), 2 survivors (2048K)
 Metaspace       used 91394K, capacity 93986K, committed 94032K, reserved 1130496K
  class space    used 11888K, capacity 12794K, committed 12800K, reserved 1048576K
}
Event: 96.189 GC heap after
{Heap after GC invocations=85 (full 0):
 garbage-first heap   total 241664K, used 160851K [0x0000000080000000, 0x0000000100000000)
  region size 1024K, 2 young (2048K), 2 survivors (2048K)
 Metaspace       used 91394K, capacity 93986K, committed 94032K, reserved 1130496K
  class space    used 11888K, capacity 12794K, committed 12800K, reserved 1048576K
}
Event: 98.135 GC heap before
{Heap before GC invocations=86 (full 0):
 garbage-first heap   total 241664K, used 193619K [0x0000000080000000, 0x0000000100000000)
  region size 1024K, 34 young (34816K), 2 survivors (2048K)
 Metaspace       used 94201K, capacity 96938K, committed 97232K, reserved 1132544K
  class space    used 12323K, capacity 13321K, committed 13440K, reserved 1048576K
}
Event: 98.149 GC heap after
{Heap after GC invocations=87 (full 0):
 garbage-first heap   total 241664K, used 162852K [0x0000000080000000, 0x0000000100000000)
  region size 1024K, 4 young (4096K), 4 survivors (4096K)
 Metaspace       used 94201K, capacity 96938K, committed 97232K, reserved 1132544K
  class space    used 12323K, capacity 13321K, committed 13440K, reserved 1048576K
}
Event: 103.919 GC heap before
{Heap before GC invocations=87 (full 0):
 garbage-first heap   total 241664K, used 194596K [0x0000000080000000, 0x0000000100000000)
  region size 1024K, 36 young (36864K), 4 survivors (4096K)
 Metaspace       used 97494K, capacity 100337K, committed 100560K, reserved 1136640K
  class space    used 12593K, capacity 13603K, committed 13696K, reserved 1048576K
}
Event: 103.948 GC heap after
{Heap after GC invocations=88 (full 0):
 garbage-first heap   total 241664K, used 165841K [0x0000000080000000, 0x0000000100000000)
  region size 1024K, 5 young (5120K), 5 survivors (5120K)
 Metaspace       used 97494K, capacity 100337K, committed 100560K, reserved 1136640K
  class space    used 12593K, capacity 13603K, committed 13696K, reserved 1048576K
}
Event: 105.669 GC heap before
{Heap before GC invocations=89 (full 0):
 garbage-first heap   total 241664K, used 197585K [0x0000000080000000, 0x0000000100000000)
  region size 1024K, 37 young (37888K), 5 survivors (5120K)
 Metaspace       used 97736K, capacity 100504K, committed 100816K, reserved 1136640K
  class space    used 12598K, capacity 13607K, committed 13696K, reserved 1048576K
}
Event: 105.688 GC heap after
{Heap after GC invocations=90 (full 0):
 garbage-first heap   total 241664K, used 167910K [0x0000000080000000, 0x0000000100000000)
  region size 1024K, 3 young (3072K), 3 survivors (3072K)
 Metaspace       used 97736K, capacity 100504K, committed 100816K, reserved 1136640K
  class space    used 12598K, capacity 13607K, committed 13696K, reserved 1048576K
}
Event: 109.044 GC heap before
{Heap before GC invocations=90 (full 0):
 garbage-first heap   total 241664K, used 199654K [0x0000000080000000, 0x0000000100000000)
  region size 1024K, 35 young (35840K), 3 survivors (3072K)
 Metaspace       used 98725K, capacity 101403K, committed 101584K, reserved 1136640K
  class space    used 12669K, capacity 13654K, committed 13696K, reserved 1048576K
}
Event: 109.061 GC heap after
{Heap after GC invocations=91 (full 0):
 garbage-first heap   total 241664K, used 170036K [0x0000000080000000, 0x0000000100000000)
  region size 1024K, 5 young (5120K), 5 survivors (5120K)
 Metaspace       used 98725K, capacity 101403K, committed 101584K, reserved 1136640K
  class space    used 12669K, capacity 13654K, committed 13696K, reserved 1048576K
}
Event: 110.996 GC heap before
{Heap before GC invocations=92 (full 0):
 garbage-first heap   total 241664K, used 202804K [0x0000000080000000, 0x0000000100000000)
  region size 1024K, 37 young (37888K), 5 survivors (5120K)
 Metaspace       used 99190K, capacity 101973K, committed 102224K, reserved 1138688K
  class space    used 12703K, capacity 13710K, committed 13824K, reserved 1048576K
}
Event: 111.014 GC heap after
{Heap after GC invocations=93 (full 0):
 garbage-first heap   total 241664K, used 171774K [0x0000000080000000, 0x0000000100000000)
  region size 1024K, 5 young (5120K), 5 survivors (5120K)
 Metaspace       used 99190K, capacity 101973K, committed 102224K, reserved 1138688K
  class space    used 12703K, capacity 13710K, committed 13824K, reserved 1048576K
}
Event: 111.869 GC heap before
{Heap before GC invocations=93 (full 0):
 garbage-first heap   total 241664K, used 203518K [0x0000000080000000, 0x0000000100000000)
  region size 1024K, 37 young (37888K), 5 survivors (5120K)
 Metaspace       used 100494K, capacity 103306K, committed 103632K, reserved 1138688K
  class space    used 12859K, capacity 13875K, committed 13952K, reserved 1048576K
}
Event: 111.890 GC heap after
{Heap after GC invocations=94 (full 0):
 garbage-first heap   total 241664K, used 174091K [0x0000000080000000, 0x0000000100000000)
  region size 1024K, 5 young (5120K), 5 survivors (5120K)
 Metaspace       used 100494K, capacity 103306K, committed 103632K, reserved 1138688K
  class space    used 12859K, capacity 13875K, committed 13952K, reserved 1048576K
}
Event: 112.386 GC heap before
{Heap before GC invocations=94 (full 0):
 garbage-first heap   total 241664K, used 205835K [0x0000000080000000, 0x0000000100000000)
  region size 1024K, 36 young (36864K), 5 survivors (5120K)
 Metaspace       used 101280K, capacity 104106K, committed 104272K, reserved 1140736K
  class space    used 12960K, capacity 13971K, committed 14080K, reserved 1048576K
}
Event: 112.406 GC heap after
{Heap after GC invocations=95 (full 0):
 garbage-first heap   total 241664K, used 174761K [0x0000000080000000, 0x0000000100000000)
  region size 1024K, 3 young (3072K), 3 survivors (3072K)
 Metaspace       used 101280K, capacity 104106K, committed 104272K, reserved 1140736K
  class space    used 12960K, capacity 13971K, committed 14080K, reserved 1048576K
}

