# JRE version: OpenJDK Runtime Environment (11.0.15) (build 11.0.15+0-b2043.56-9505619)
# Java VM: OpenJDK 64-Bit Server VM (11.0.15+0-b2043.56-9505619, mixed mode, tiered, compressed oops, g1 gc, windows-amd64)
Heap:
 garbage-first heap   total 187392K, used 122973K [0x0000000080000000, 0x0000000100000000)
  region size 1024K, 2 young (2048K), 2 survivors (2048K)
 Metaspace       used 83432K, capacity 85487K, committed 85628K, reserved 1124352K
  class space    used 10914K, capacity 11734K, committed 11776K, reserved 1048576K
GC Heap History (20 events):
Event: 17.595 GC heap after
{Heap after GC invocations=48 (full 0):
 garbage-first heap   total 155648K, used 114161K [0x0000000080000000, 0x0000000100000000)
  region size 1024K, 3 young (3072K), 3 survivors (3072K)
 Metaspace       used 72997K, capacity 74915K, committed 75132K, reserved 1114112K
  class space    used 9388K, capacity 10136K, committed 10240K, reserved 1048576K
}
Event: 17.750 GC heap before
{Heap before GC invocations=48 (full 0):
 garbage-first heap   total 155648K, used 131569K [0x0000000080000000, 0x0000000100000000)
  region size 1024K, 20 young (20480K), 3 survivors (3072K)
 Metaspace       used 74679K, capacity 76584K, committed 76796K, reserved 1116160K
  class space    used 9576K, capacity 10366K, committed 10368K, reserved 1048576K
}
Event: 17.754 GC heap after
{Heap after GC invocations=49 (full 0):
 garbage-first heap   total 155648K, used 115458K [0x0000000080000000, 0x0000000100000000)
  region size 1024K, 2 young (2048K), 2 survivors (2048K)
 Metaspace       used 74679K, capacity 76584K, committed 76796K, reserved 1116160K
  class space    used 9576K, capacity 10366K, committed 10368K, reserved 1048576K
}
Event: 17.904 GC heap before
{Heap before GC invocations=50 (full 0):
 garbage-first heap   total 155648K, used 131842K [0x0000000080000000, 0x0000000100000000)
  region size 1024K, 18 young (18432K), 2 survivors (2048K)
 Metaspace       used 75752K, capacity 77673K, committed 77948K, reserved 1116160K
  class space    used 9700K, capacity 10470K, committed 10496K, reserved 1048576K
}
Event: 17.906 GC heap after
{Heap after GC invocations=51 (full 0):
 garbage-first heap   total 155648K, used 116194K [0x0000000080000000, 0x0000000100000000)
  region size 1024K, 3 young (3072K), 3 survivors (3072K)
 Metaspace       used 75752K, capacity 77673K, committed 77948K, reserved 1116160K
  class space    used 9700K, capacity 10470K, committed 10496K, reserved 1048576K
}
Event: 17.961 GC heap before
{Heap before GC invocations=51 (full 0):
 garbage-first heap   total 155648K, used 123362K [0x0000000080000000, 0x0000000100000000)
  region size 1024K, 11 young (11264K), 3 survivors (3072K)
 Metaspace       used 76323K, capacity 78291K, committed 78588K, reserved 1118208K
  class space    used 9795K, capacity 10568K, committed 10624K, reserved 1048576K
}
Event: 17.963 GC heap after
{Heap after GC invocations=52 (full 0):
 garbage-first heap   total 155648K, used 116977K [0x0000000080000000, 0x0000000100000000)
  region size 1024K, 2 young (2048K), 2 survivors (2048K)
 Metaspace       used 76323K, capacity 78291K, committed 78588K, reserved 1118208K
  class space    used 9795K, capacity 10568K, committed 10624K, reserved 1048576K
}
Event: 18.338 GC heap before
{Heap before GC invocations=53 (full 0):
 garbage-first heap   total 155648K, used 134385K [0x0000000080000000, 0x0000000100000000)
  region size 1024K, 18 young (18432K), 2 survivors (2048K)
 Metaspace       used 77420K, capacity 79453K, committed 79612K, reserved 1118208K
  class space    used 9947K, capacity 10776K, committed 10880K, reserved 1048576K
}
Event: 18.340 GC heap after
{Heap after GC invocations=54 (full 0):
 garbage-first heap   total 155648K, used 117253K [0x0000000080000000, 0x0000000100000000)
  region size 1024K, 2 young (2048K), 2 survivors (2048K)
 Metaspace       used 77420K, capacity 79453K, committed 79612K, reserved 1118208K
  class space    used 9947K, capacity 10776K, committed 10880K, reserved 1048576K
}
Event: 18.400 GC heap before
{Heap before GC invocations=54 (full 0):
 garbage-first heap   total 155648K, used 133637K [0x0000000080000000, 0x0000000100000000)
  region size 1024K, 18 young (18432K), 2 survivors (2048K)
 Metaspace       used 77529K, capacity 79523K, committed 79868K, reserved 1118208K
  class space    used 9965K, capacity 10778K, committed 10880K, reserved 1048576K
}
Event: 18.403 GC heap after
{Heap after GC invocations=55 (full 0):
 garbage-first heap   total 155648K, used 118332K [0x0000000080000000, 0x0000000100000000)
  region size 1024K, 3 young (3072K), 3 survivors (3072K)
 Metaspace       used 77529K, capacity 79523K, committed 79868K, reserved 1118208K
  class space    used 9965K, capacity 10778K, committed 10880K, reserved 1048576K
}
Event: 18.460 GC heap before
{Heap before GC invocations=55 (full 0):
 garbage-first heap   total 155648K, used 133692K [0x0000000080000000, 0x0000000100000000)
  region size 1024K, 18 young (18432K), 3 survivors (3072K)
 Metaspace       used 77564K, capacity 79685K, committed 79868K, reserved 1118208K
  class space    used 9970K, capacity 10812K, committed 10880K, reserved 1048576K
}
Event: 18.463 GC heap after
{Heap after GC invocations=56 (full 0):
 garbage-first heap   total 155648K, used 119304K [0x0000000080000000, 0x0000000100000000)
  region size 1024K, 3 young (3072K), 3 survivors (3072K)
 Metaspace       used 77564K, capacity 79685K, committed 79868K, reserved 1118208K
  class space    used 9970K, capacity 10812K, committed 10880K, reserved 1048576K
}
Event: 18.569 GC heap before
{Heap before GC invocations=57 (full 0):
 garbage-first heap   total 155648K, used 134664K [0x0000000080000000, 0x0000000100000000)
  region size 1024K, 18 young (18432K), 3 survivors (3072K)
 Metaspace       used 78736K, capacity 80872K, committed 81020K, reserved 1120256K
  class space    used 10118K, capacity 10973K, committed 11008K, reserved 1048576K
}
Event: 18.572 GC heap after
{Heap after GC invocations=58 (full 0):
 garbage-first heap   total 155648K, used 120753K [0x0000000080000000, 0x0000000100000000)
  region size 1024K, 3 young (3072K), 3 survivors (3072K)
 Metaspace       used 78736K, capacity 80872K, committed 81020K, reserved 1120256K
  class space    used 10118K, capacity 10973K, committed 11008K, reserved 1048576K
}
Event: 18.692 GC heap before
{Heap before GC invocations=58 (full 0):
 garbage-first heap   total 155648K, used 135089K [0x0000000080000000, 0x0000000100000000)
  region size 1024K, 17 young (17408K), 3 survivors (3072K)
 Metaspace       used 80329K, capacity 82410K, committed 82556K, reserved 1120256K
  class space    used 10389K, capacity 11230K, committed 11264K, reserved 1048576K
}
Event: 18.695 GC heap after
{Heap after GC invocations=59 (full 0):
 garbage-first heap   total 155648K, used 121269K [0x0000000080000000, 0x0000000100000000)
  region size 1024K, 2 young (2048K), 2 survivors (2048K)
 Metaspace       used 80329K, capacity 82410K, committed 82556K, reserved 1120256K
  class space    used 10389K, capacity 11230K, committed 11264K, reserved 1048576K
}
Event: 18.884 GC heap before
{Heap before GC invocations=60 (full 0):
 garbage-first heap   total 155648K, used 135605K [0x0000000080000000, 0x0000000100000000)
  region size 1024K, 16 young (16384K), 2 survivors (2048K)
 Metaspace       used 82186K, capacity 84247K, committed 84476K, reserved 1122304K
  class space    used 10749K, capacity 11563K, committed 11648K, reserved 1048576K
}
Event: 18.887 GC heap after
{Heap after GC invocations=61 (full 0):
 garbage-first heap   total 155648K, used 122235K [0x0000000080000000, 0x0000000100000000)
  region size 1024K, 2 young (2048K), 2 survivors (2048K)
 Metaspace       used 82186K, capacity 84247K, committed 84476K, reserved 1122304K
  class space    used 10749K, capacity 11563K, committed 11648K, reserved 1048576K
}
Event: 19.033 GC heap before
{Heap before GC invocations=61 (full 0):
 garbage-first heap   total 155648K, used 135547K [0x0000000080000000, 0x0000000100000000)
  region size 1024K, 15 young (15360K), 2 survivors (2048K)
 Metaspace       used 83432K, capacity 85487K, committed 85628K, reserved 1124352K
  class space    used 10914K, capacity 11734K, committed 11776K, reserved 1048576K
}

