# JRE version: OpenJDK Runtime Environment (11.0.15) (build 11.0.15+0-b2043.56-9505619)
# Java VM: OpenJDK 64-Bit Server VM (11.0.15+0-b2043.56-9505619, mixed mode, tiered, compressed oops, g1 gc, windows-amd64)
Heap:
 garbage-first heap   total 707584K, used 193280K [0x0000000080000000, 0x0000000100000000)
  region size 1024K, 2 young (2048K), 2 survivors (2048K)
 Metaspace       used 105713K, capacity 108818K, committed 109232K, reserved 1142784K
  class space    used 13908K, capacity 15095K, committed 15256K, reserved 1048576K
GC Heap History (20 events):
Event: 27.894 GC heap after
{Heap after GC invocations=46 (full 0):
 garbage-first heap   total 155648K, used 130321K [0x0000000080000000, 0x0000000100000000)
  region size 1024K, 1 young (1024K), 1 survivors (1024K)
 Metaspace       used 99262K, capacity 101988K, committed 102064K, reserved 1138688K
  class space    used 12917K, capacity 13906K, committed 13976K, reserved 1048576K
}
Event: 27.925 GC heap before
{Heap before GC invocations=46 (full 0):
 garbage-first heap   total 155648K, used 135441K [0x0000000080000000, 0x0000000100000000)
  region size 1024K, 7 young (7168K), 1 survivors (1024K)
 Metaspace       used 99264K, capacity 101988K, committed 102064K, reserved 1138688K
  class space    used 12917K, capacity 13906K, committed 13976K, reserved 1048576K
}
Event: 27.933 GC heap after
{Heap after GC invocations=47 (full 0):
 garbage-first heap   total 155648K, used 133009K [0x0000000080000000, 0x0000000100000000)
  region size 1024K, 1 young (1024K), 1 survivors (1024K)
 Metaspace       used 99264K, capacity 101988K, committed 102064K, reserved 1138688K
  class space    used 12917K, capacity 13906K, committed 13976K, reserved 1048576K
}
Event: 27.984 GC heap before
{Heap before GC invocations=47 (full 0):
 garbage-first heap   total 155648K, used 140177K [0x0000000080000000, 0x0000000100000000)
  region size 1024K, 7 young (7168K), 1 survivors (1024K)
 Metaspace       used 99264K, capacity 101988K, committed 102064K, reserved 1138688K
  class space    used 12917K, capacity 13906K, committed 13976K, reserved 1048576K
}
Event: 27.992 GC heap after
{Heap after GC invocations=48 (full 0):
 garbage-first heap   total 202752K, used 136577K [0x0000000080000000, 0x0000000100000000)
  region size 1024K, 1 young (1024K), 1 survivors (1024K)
 Metaspace       used 99264K, capacity 101988K, committed 102064K, reserved 1138688K
  class space    used 12917K, capacity 13906K, committed 13976K, reserved 1048576K
}
Event: 28.320 GC heap before
{Heap before GC invocations=49 (full 0):
 garbage-first heap   total 202752K, used 153985K [0x0000000080000000, 0x0000000100000000)
  region size 1024K, 17 young (17408K), 1 survivors (1024K)
 Metaspace       used 100452K, capacity 103234K, committed 103472K, reserved 1138688K
  class space    used 13178K, capacity 14221K, committed 14360K, reserved 1048576K
}
Event: 28.340 GC heap after
{Heap after GC invocations=50 (full 0):
 garbage-first heap   total 202752K, used 143253K [0x0000000080000000, 0x0000000100000000)
  region size 1024K, 3 young (3072K), 3 survivors (3072K)
 Metaspace       used 100452K, capacity 103234K, committed 103472K, reserved 1138688K
  class space    used 13178K, capacity 14221K, committed 14360K, reserved 1048576K
}
Event: 28.554 GC heap before
{Heap before GC invocations=50 (full 0):
 garbage-first heap   total 202752K, used 158613K [0x0000000080000000, 0x0000000100000000)
  region size 1024K, 18 young (18432K), 3 survivors (3072K)
 Metaspace       used 101577K, capacity 104424K, committed 104624K, reserved 1140736K
  class space    used 13388K, capacity 14443K, committed 14488K, reserved 1048576K
}
Event: 28.567 GC heap after
{Heap after GC invocations=51 (full 0):
 garbage-first heap   total 202752K, used 149998K [0x0000000080000000, 0x0000000100000000)
  region size 1024K, 3 young (3072K), 3 survivors (3072K)
 Metaspace       used 101577K, capacity 104424K, committed 104624K, reserved 1140736K
  class space    used 13388K, capacity 14443K, committed 14488K, reserved 1048576K
}
Event: 28.660 GC heap before
{Heap before GC invocations=51 (full 0):
 garbage-first heap   total 202752K, used 163310K [0x0000000080000000, 0x0000000100000000)
  region size 1024K, 16 young (16384K), 3 survivors (3072K)
 Metaspace       used 101684K, capacity 104491K, committed 104624K, reserved 1140736K
  class space    used 13389K, capacity 14444K, committed 14488K, reserved 1048576K
}
Event: 28.669 GC heap after
{Heap after GC invocations=52 (full 0):
 garbage-first heap   total 202752K, used 157211K [0x0000000080000000, 0x0000000100000000)
  region size 1024K, 2 young (2048K), 2 survivors (2048K)
 Metaspace       used 101684K, capacity 104491K, committed 104624K, reserved 1140736K
  class space    used 13389K, capacity 14444K, committed 14488K, reserved 1048576K
}
Event: 28.715 GC heap before
{Heap before GC invocations=52 (full 0):
 garbage-first heap   total 202752K, used 167451K [0x0000000080000000, 0x0000000100000000)
  region size 1024K, 12 young (12288K), 2 survivors (2048K)
 Metaspace       used 101705K, capacity 104555K, committed 104624K, reserved 1140736K
  class space    used 13389K, capacity 14444K, committed 14488K, reserved 1048576K
}
Event: 28.727 GC heap after
{Heap after GC invocations=53 (full 0):
 garbage-first heap   total 359424K, used 162992K [0x0000000080000000, 0x0000000100000000)
  region size 1024K, 2 young (2048K), 2 survivors (2048K)
 Metaspace       used 101705K, capacity 104555K, committed 104624K, reserved 1140736K
  class space    used 13389K, capacity 14444K, committed 14488K, reserved 1048576K
}
Event: 29.010 GC heap before
{Heap before GC invocations=54 (full 0):
 garbage-first heap   total 359424K, used 217264K [0x0000000080000000, 0x0000000100000000)
  region size 1024K, 55 young (56320K), 2 survivors (2048K)
 Metaspace       used 101727K, capacity 104560K, committed 104624K, reserved 1140736K
  class space    used 13389K, capacity 14444K, committed 14488K, reserved 1048576K
}
Event: 29.049 GC heap after
{Heap after GC invocations=55 (full 0):
 garbage-first heap   total 359424K, used 190744K [0x0000000080000000, 0x0000000100000000)
  region size 1024K, 7 young (7168K), 7 survivors (7168K)
 Metaspace       used 101727K, capacity 104560K, committed 104624K, reserved 1140736K
  class space    used 13389K, capacity 14444K, committed 14488K, reserved 1048576K
}
Event: 30.298 GC heap before
{Heap before GC invocations=55 (full 0):
 garbage-first heap   total 359424K, used 238872K [0x0000000080000000, 0x0000000100000000)
  region size 1024K, 54 young (55296K), 7 survivors (7168K)
 Metaspace       used 105109K, capacity 108179K, committed 108336K, reserved 1142784K
  class space    used 13862K, capacity 15028K, committed 15128K, reserved 1048576K
}
Event: 30.319 GC heap after
{Heap after GC invocations=56 (full 0):
 garbage-first heap   total 359424K, used 197048K [0x0000000080000000, 0x0000000100000000)
  region size 1024K, 5 young (5120K), 5 survivors (5120K)
 Metaspace       used 105109K, capacity 108179K, committed 108336K, reserved 1142784K
  class space    used 13862K, capacity 15028K, committed 15128K, reserved 1048576K
}
Event: 31.186 GC heap before
{Heap before GC invocations=57 (full 0):
 garbage-first heap   total 359424K, used 240056K [0x0000000080000000, 0x0000000100000000)
  region size 1024K, 54 young (55296K), 5 survivors (5120K)
 Metaspace       used 105586K, capacity 108627K, committed 108848K, reserved 1142784K
  class space    used 13897K, capacity 15055K, committed 15128K, reserved 1048576K
}
Event: 31.203 GC heap after
{Heap after GC invocations=58 (full 0):
 garbage-first heap   total 359424K, used 194137K [0x0000000080000000, 0x0000000100000000)
  region size 1024K, 5 young (5120K), 5 survivors (5120K)
 Metaspace       used 105586K, capacity 108627K, committed 108848K, reserved 1142784K
  class space    used 13897K, capacity 15055K, committed 15128K, reserved 1048576K
}
Event: 31.496 GC heap before
{Heap before GC invocations=58 (full 0):
 garbage-first heap   total 359424K, used 207449K [0x0000000080000000, 0x0000000100000000)
  region size 1024K, 17 young (17408K), 5 survivors (5120K)
 Metaspace       used 105713K, capacity 108818K, committed 109232K, reserved 1142784K
  class space    used 13908K, capacity 15095K, committed 15256K, reserved 1048576K
}

