# JRE version: OpenJDK Runtime Environment (11.0.15) (build 11.0.15+0-b2043.56-9505619)
# Java VM: OpenJDK 64-Bit Server VM (11.0.15+0-b2043.56-9505619, mixed mode, tiered, compressed oops, g1 gc, windows-amd64)
Heap:
 garbage-first heap   total 129024K, used 66224K [0x0000000080000000, 0x0000000100000000)
  region size 1024K, 20 young (20480K), 4 survivors (4096K)
 Metaspace       used 65249K, capacity 67014K, committed 67356K, reserved 1107968K
  class space    used 8276K, capacity 8951K, committed 9068K, reserved 1048576K
GC Heap History (20 events):
Event: 16.982 GC heap before
{Heap before GC invocations=2 (full 0):
 garbage-first heap   total 129024K, used 39013K [0x0000000080000000, 0x0000000100000000)
  region size 1024K, 33 young (33792K), 10 survivors (10240K)
 Metaspace       used 20801K, capacity 21153K, committed 21296K, reserved 1069056K
  class space    used 2516K, capacity 2651K, committed 2688K, reserved 1048576K
}
Event: 17.007 GC heap after
{Heap after GC invocations=3 (full 0):
 garbage-first heap   total 129024K, used 17293K [0x0000000080000000, 0x0000000100000000)
  region size 1024K, 1 young (1024K), 1 survivors (1024K)
 Metaspace       used 20801K, capacity 21153K, committed 21296K, reserved 1069056K
  class space    used 2516K, capacity 2651K, committed 2688K, reserved 1048576K
}
Event: 20.236 GC heap before
{Heap before GC invocations=4 (full 0):
 garbage-first heap   total 129024K, used 66445K [0x0000000080000000, 0x0000000100000000)
  region size 1024K, 50 young (51200K), 1 survivors (1024K)
 Metaspace       used 26295K, capacity 26908K, committed 27184K, reserved 1073152K
  class space    used 3405K, capacity 3621K, committed 3712K, reserved 1048576K
}
Event: 20.248 GC heap after
{Heap after GC invocations=5 (full 0):
 garbage-first heap   total 129024K, used 19120K [0x0000000080000000, 0x0000000100000000)
  region size 1024K, 3 young (3072K), 3 survivors (3072K)
 Metaspace       used 26295K, capacity 26908K, committed 27184K, reserved 1073152K
  class space    used 3405K, capacity 3621K, committed 3712K, reserved 1048576K
}
Event: 24.678 GC heap before
{Heap before GC invocations=5 (full 0):
 garbage-first heap   total 129024K, used 74416K [0x0000000080000000, 0x0000000100000000)
  region size 1024K, 57 young (58368K), 3 survivors (3072K)
 Metaspace       used 31870K, capacity 32629K, committed 32688K, reserved 1077248K
  class space    used 4261K, capacity 4556K, committed 4608K, reserved 1048576K
}
Event: 24.700 GC heap after
{Heap after GC invocations=6 (full 0):
 garbage-first heap   total 129024K, used 20708K [0x0000000080000000, 0x0000000100000000)
  region size 1024K, 5 young (5120K), 5 survivors (5120K)
 Metaspace       used 31870K, capacity 32629K, committed 32688K, reserved 1077248K
  class space    used 4261K, capacity 4556K, committed 4608K, reserved 1048576K
}
Event: 26.276 GC heap before
{Heap before GC invocations=6 (full 0):
 garbage-first heap   total 129024K, used 34020K [0x0000000080000000, 0x0000000100000000)
  region size 1024K, 19 young (19456K), 5 survivors (5120K)
 Metaspace       used 34900K, capacity 35724K, committed 35888K, reserved 1081344K
  class space    used 4555K, capacity 4880K, committed 4992K, reserved 1048576K
}
Event: 26.312 GC heap after
{Heap after GC invocations=7 (full 0):
 garbage-first heap   total 129024K, used 22533K [0x0000000080000000, 0x0000000100000000)
  region size 1024K, 6 young (6144K), 6 survivors (6144K)
 Metaspace       used 34900K, capacity 35724K, committed 35888K, reserved 1081344K
  class space    used 4555K, capacity 4880K, committed 4992K, reserved 1048576K
}
Event: 30.547 GC heap before
{Heap before GC invocations=8 (full 0):
 garbage-first heap   total 129024K, used 83973K [0x0000000080000000, 0x0000000100000000)
  region size 1024K, 64 young (65536K), 6 survivors (6144K)
 Metaspace       used 40775K, capacity 41737K, committed 41904K, reserved 1085440K
  class space    used 5143K, capacity 5517K, committed 5632K, reserved 1048576K
}
Event: 30.585 GC heap after
{Heap after GC invocations=9 (full 0):
 garbage-first heap   total 129024K, used 28120K [0x0000000080000000, 0x0000000100000000)
  region size 1024K, 8 young (8192K), 8 survivors (8192K)
 Metaspace       used 40775K, capacity 41737K, committed 41904K, reserved 1085440K
  class space    used 5143K, capacity 5517K, committed 5632K, reserved 1048576K
}
Event: 35.861 GC heap before
{Heap before GC invocations=9 (full 0):
 garbage-first heap   total 129024K, used 87512K [0x0000000080000000, 0x0000000100000000)
  region size 1024K, 66 young (67584K), 8 survivors (8192K)
 Metaspace       used 45915K, capacity 47006K, committed 47152K, reserved 1089536K
  class space    used 5827K, capacity 6260K, committed 6272K, reserved 1048576K
}
Event: 35.896 GC heap after
{Heap after GC invocations=10 (full 0):
 garbage-first heap   total 129024K, used 30926K [0x0000000080000000, 0x0000000100000000)
  region size 1024K, 3 young (3072K), 3 survivors (3072K)
 Metaspace       used 45915K, capacity 47006K, committed 47152K, reserved 1089536K
  class space    used 5827K, capacity 6260K, committed 6272K, reserved 1048576K
}
Event: 64.288 GC heap before
{Heap before GC invocations=10 (full 0):
 garbage-first heap   total 129024K, used 90318K [0x0000000080000000, 0x0000000100000000)
  region size 1024K, 61 young (62464K), 3 survivors (3072K)
 Metaspace       used 49350K, capacity 50647K, committed 50736K, reserved 1093632K
  class space    used 6257K, capacity 6747K, committed 6784K, reserved 1048576K
}
Event: 64.309 GC heap after
{Heap after GC invocations=11 (full 0):
 garbage-first heap   total 129024K, used 32806K [0x0000000080000000, 0x0000000100000000)
  region size 1024K, 5 young (5120K), 5 survivors (5120K)
 Metaspace       used 49350K, capacity 50647K, committed 50736K, reserved 1093632K
  class space    used 6257K, capacity 6747K, committed 6784K, reserved 1048576K
}
Event: 75.977 GC heap before
{Heap before GC invocations=11 (full 0):
 garbage-first heap   total 129024K, used 95270K [0x0000000080000000, 0x0000000100000000)
  region size 1024K, 64 young (65536K), 5 survivors (5120K)
 Metaspace       used 55325K, capacity 56763K, committed 56880K, reserved 1099776K
  class space    used 6968K, capacity 7534K, committed 7552K, reserved 1048576K
}
Event: 76.007 GC heap after
{Heap after GC invocations=12 (full 0):
 garbage-first heap   total 129024K, used 41630K [0x0000000080000000, 0x0000000100000000)
  region size 1024K, 8 young (8192K), 8 survivors (8192K)
 Metaspace       used 55325K, capacity 56763K, committed 56880K, reserved 1099776K
  class space    used 6968K, capacity 7534K, committed 7552K, reserved 1048576K
}
Event: 78.251 GC heap before
{Heap before GC invocations=12 (full 0):
 garbage-first heap   total 129024K, used 64158K [0x0000000080000000, 0x0000000100000000)
  region size 1024K, 31 young (31744K), 8 survivors (8192K)
 Metaspace       used 58623K, capacity 60200K, committed 60240K, reserved 1101824K
  class space    used 7430K, capacity 8066K, committed 8096K, reserved 1048576K
}
Event: 78.285 GC heap after
{Heap after GC invocations=13 (full 0):
 garbage-first heap   total 129024K, used 42956K [0x0000000080000000, 0x0000000100000000)
  region size 1024K, 2 young (2048K), 2 survivors (2048K)
 Metaspace       used 58623K, capacity 60200K, committed 60240K, reserved 1101824K
  class space    used 7430K, capacity 8066K, committed 8096K, reserved 1048576K
}
Event: 82.809 GC heap before
{Heap before GC invocations=14 (full 0):
 garbage-first heap   total 129024K, used 94156K [0x0000000080000000, 0x0000000100000000)
  region size 1024K, 45 young (46080K), 2 survivors (2048K)
 Metaspace       used 62572K, capacity 64112K, committed 64284K, reserved 1105920K
  class space    used 7909K, capacity 8526K, committed 8556K, reserved 1048576K
}
Event: 82.848 GC heap after
{Heap after GC invocations=15 (full 0):
 garbage-first heap   total 129024K, used 47230K [0x0000000080000000, 0x0000000100000000)
  region size 1024K, 6 young (6144K), 6 survivors (6144K)
 Metaspace       used 62572K, capacity 64112K, committed 64284K, reserved 1105920K
  class space    used 7909K, capacity 8526K, committed 8556K, reserved 1048576K
}

